<?xml version="1.0" encoding="UTF-8"?>
<!-- Generated by org.testng.reporters.JUnitXMLReporter -->
<testsuite ignored="0" hostname="DESKTOP-UNNIIFI" failures="0" tests="6" name="Test" time="0.407" errors="0" timestamp="2022-05-02T19:16:56 TRT">
  <testcase classname="rahulacademy.RESTAPITest" name="deleteTwitter" time="0.034"/>
  <testcase classname="rahulacademy.RESTAPITest" name="postJira" time="0.004"/>
  <testcase classname="rahulacademy.SeleniumTest" name="BrowserAutomation" time="0.028"/>
  <testcase classname="rahulacademy.SeleniumTest" name="elementui" time="0.024"/>
  <testcase classname="rahulacademy.AppiumTest" name="IosApp" time="0.046"/>
  <testcase classname="rahulacademy.AppiumTest" name="NativeApp" time="0.009"/>
</testsuite> <!-- Test -->
