<?xml version="1.0" encoding="UTF-8"?>
<!-- Generated by org.testng.reporters.JUnitXMLReporter -->
<testsuite ignored="0" hostname="DESKTOP-UNNIIFI" failures="0" tests="4" name="Test" time="0.342" errors="0" timestamp="2022-05-02T23:04:50 EET">
  <testcase classname="rahulacademy.RESTAPITest" name="deleteTwitter" time="0.027"/>
  <testcase classname="rahulacademy.RESTAPITest" name="postJira" time="0.001"/>
  <testcase classname="rahulacademy.SeleniumTest" name="BrowserAutomation" time="0.001"/>
  <testcase classname="rahulacademy.SeleniumTest" name="elementui" time="0.001"/>
</testsuite> <!-- Test -->
