<?xml version="1.0" encoding="UTF-8"?>
<testng-results ignored="0" total="4" passed="4" failed="0" skipped="0">
  <reporter-output>
  </reporter-output>
  <suite started-at="2022-05-02T23:04:50 EET" name="Suite" finished-at="2022-05-02T23:04:50 EET" duration-ms="342">
    <groups>
    </groups>
    <test started-at="2022-05-02T23:04:50 EET" name="Test" finished-at="2022-05-02T23:04:50 EET" duration-ms="342">
      <class name="rahulacademy.SeleniumTest">
        <test-method signature="BrowserAutomation()[pri:0, instance:rahulacademy.SeleniumTest@696da30b]" started-at="2022-05-02T23:04:50 EET" name="BrowserAutomation" finished-at="2022-05-02T23:04:50 EET" duration-ms="1" status="PASS">
          <reporter-output>
          </reporter-output>
        </test-method> <!-- BrowserAutomation -->
        <test-method signature="elementui()[pri:0, instance:rahulacademy.SeleniumTest@696da30b]" started-at="2022-05-02T23:04:50 EET" name="elementui" finished-at="2022-05-02T23:04:50 EET" duration-ms="1" status="PASS">
          <reporter-output>
          </reporter-output>
        </test-method> <!-- elementui -->
      </class> <!-- rahulacademy.SeleniumTest -->
      <class name="rahulacademy.RESTAPITest">
        <test-method signature="deleteTwitter()[pri:0, instance:rahulacademy.RESTAPITest@61386958]" started-at="2022-05-02T23:04:50 EET" name="deleteTwitter" finished-at="2022-05-02T23:04:50 EET" duration-ms="27" status="PASS">
          <reporter-output>
          </reporter-output>
        </test-method> <!-- deleteTwitter -->
        <test-method signature="postJira()[pri:0, instance:rahulacademy.RESTAPITest@61386958]" started-at="2022-05-02T23:04:50 EET" name="postJira" finished-at="2022-05-02T23:04:50 EET" duration-ms="1" status="PASS">
          <reporter-output>
          </reporter-output>
        </test-method> <!-- postJira -->
      </class> <!-- rahulacademy.RESTAPITest -->
    </test> <!-- Test -->
  </suite> <!-- Suite -->
</testng-results>
